[2026-01-02 10:44:23] local.ERROR: Connection could not be established with host sg2plcpnl0125.prod.sin2.secureserver.net :stream_socket_client(): php_network_getaddresses: getaddrinfo failed: Name or service not known {"exception":"[object] (Swift_TransportException(code: 0): Connection could not be established with host sg2plcpnl0125.prod.sin2.secureserver.net :stream_socket_client(): php_network_getaddresses: getaddrinfo failed: Name or service not known at /home/u826545622/domains/ksrdms.com/public_html/v-1.1.7/vendor/swiftmailer/swiftmailer/lib/classes/Swift/Transport/StreamBuffer.php:261)
[stacktrace]
#0 [internal function]: Swift_Transport_StreamBuffer->{closure}(2, 'stream_socket_c...', '/home/u82654562...', 264, Array)
#1 /home/u826545622/domains/ksrdms.com/public_html/v-1.1.7/vendor/swiftmailer/swiftmailer/lib/classes/Swift/Transport/StreamBuffer.php(264): stream_socket_client('ssl://sg2plcpnl...', 0, 'php_network_get...', 30, 4, Resource id #118)
#2 /home/u826545622/domains/ksrdms.com/public_html/v-1.1.7/vendor/swiftmailer/swiftmailer/lib/classes/Swift/Transport/StreamBuffer.php(58): Swift_Transport_StreamBuffer->establishSocketConnection()
#3 /home/u826545622/domains/ksrdms.com/public_html/v-1.1.7/vendor/swiftmailer/swiftmailer/lib/classes/Swift/Transport/AbstractSmtpTransport.php(143): Swift_Transport_StreamBuffer->initialize(Array)
#4 /home/u826545622/domains/ksrdms.com/public_html/v-1.1.7/vendor/swiftmailer/swiftmailer/lib/classes/Swift/Mailer.php(65): Swift_Transport_AbstractSmtpTransport->start()
#5 /home/u826545622/domains/ksrdms.com/public_html/v-1.1.7/vendor/laravel/framework/src/Illuminate/Mail/Mailer.php(451): Swift_Mailer->send(Object(Swift_Message), Array)
#6 /home/u826545622/domains/ksrdms.com/public_html/v-1.1.7/vendor/laravel/framework/src/Illuminate/Mail/Mailer.php(235): Illuminate\\Mail\\Mailer->sendSwiftMessage(Object(Swift_Message))
#7 /home/u826545622/domains/ksrdms.com/public_html/v-1.1.7/vendor/laravel/framework/src/Illuminate/Support/Facades/Facade.php(221): Illuminate\\Mail\\Mailer->send('emails.welcome', Array, Object(Closure))
#8 /home/u826545622/domains/ksrdms.com/public_html/v-1.1.7/app/Http/Controllers/HomeController.php(196): Illuminate\\Support\\Facades\\Facade::__callStatic('send', Array)
#9 [internal function]: App\\Http\\Controllers\\HomeController->registerNewDairy(Object(Illuminate\\Http\\Request))
#10 /home/u826545622/domains/ksrdms.com/public_html/v-1.1.7/vendor/laravel/framework/src/Illuminate/Routing/Controller.php(54): call_user_func_array(Array, Array)
#11 /home/u826545622/domains/ksrdms.com/public_html/v-1.1.7/vendor/laravel/framework/src/Illuminate/Routing/ControllerDispatcher.php(45): Illuminate\\Routing\\Controller->callAction('registerNewDair...', Array)
#12 /home/u826545622/domains/ksrdms.com/public_html/v-1.1.7/vendor/laravel/framework/src/Illuminate/Routing/Route.php(212): Illuminate\\Routing\\ControllerDispatcher->dispatch(Object(Illuminate\\Routing\\Route), Object(App\\Http\\Controllers\\HomeController), 'registerNewDair...')
#13 /home/u826545622/domains/ksrdms.com/public_html/v-1.1.7/vendor/laravel/framework/src/Illuminate/Routing/Route.php(169): Illuminate\\Routing\\Route->runController()
#14 /home/u826545622/domains/ksrdms.com/public_html/v-1.1.7/vendor/laravel/framework/src/Illuminate/Routing/Router.php(658): Illuminate\\Routing\\Route->run()
#15 /home/u826545622/domains/ksrdms.com/public_html/v-1.1.7/vendor/laravel/framework/src/Illuminate/Routing/Pipeline.php(30): Illuminate\\Routing\\Router->Illuminate\\Routing\\{closure}(Object(Illuminate\\Http\\Request))
#16 /home/u826545622/domains/ksrdms.com/public_html/v-1.1.7/vendor/laravel/framework/src/Illuminate/Routing/Middleware/SubstituteBindings.php(41): Illuminate\\Routing\\Pipeline->Illuminate\\Routing\\{closure}(Object(Illuminate\\Http\\Request))
#17 /home/u826545622/domains/ksrdms.com/public_html/v-1.1.7/vendor/laravel/framework/src/Illuminate/Pipeline/Pipeline.php(149): Illuminate\\Routing\\Middleware\\SubstituteBindings->handle(Object(Illuminate\\Http\\Request), Object(Closure))
#18 /home/u826545622/domains/ksrdms.com/public_html/v-1.1.7/vendor/laravel/framework/src/Illuminate/Routing/Pipeline.php(53): Illuminate\\Pipeline\\Pipeline->Illuminate\\Pipeline\\{closure}(Object(Illuminate\\Http\\Request))
#19 /home/u826545622/domains/ksrdms.com/public_html/v-1.1.7/vendor/laravel/framework/src/Illuminate/View/Middleware/ShareErrorsFromSession.php(49): Illuminate\\Routing\\Pipeline->Illuminate\\Routing\\{closure}(Object(Illuminate\\Http\\Request))
#20 /home/u826545622/domains/ksrdms.com/public_html/v-1.1.7/vendor/laravel/framework/src/Illuminate/Pipeline/Pipeline.php(149): Illuminate\\View\\Middleware\\ShareErrorsFromSession->handle(Object(Illuminate\\Http\\Request), Object(Closure))
#21 /home/u826545622/domains/ksrdms.com/public_html/v-1.1.7/vendor/laravel/framework/src/Illuminate/Routing/Pipeline.php(53): Illuminate\\Pipeline\\Pipeline->Illuminate\\Pipeline\\{closure}(Object(Illuminate\\Http\\Request))
#22 /home/u826545622/domains/ksrdms.com/public_html/v-1.1.7/vendor/laravel/framework/src/Illuminate/Session/Middleware/StartSession.php(63): Illuminate\\Routing\\Pipeline->Illuminate\\Routing\\{closure}(Object(Illuminate\\Http\\Request))
#23 /home/u826545622/domains/ksrdms.com/public_html/v-1.1.7/vendor/laravel/framework/src/Illuminate/Pipeline/Pipeline.php(149): Illuminate\\Session\\Middleware\\StartSession->handle(Object(Illuminate\\Http\\Request), Object(Closure))
#24 /home/u826545622/domains/ksrdms.com/public_html/v-1.1.7/vendor/laravel/framework/src/Illuminate/Routing/Pipeline.php(53): Illuminate\\Pipeline\\Pipeline->Illuminate\\Pipeline\\{closure}(Object(Illuminate\\Http\\Request))
#25 /home/u826545622/domains/ksrdms.com/public_html/v-1.1.7/vendor/laravel/framework/src/Illuminate/Cookie/Middleware/AddQueuedCookiesToResponse.php(37): Illuminate\\Routing\\Pipeline->Illuminate\\Routing\\{closure}(Object(Illuminate\\Http\\Request))
#26 /home/u826545622/domains/ksrdms.com/public_html/v-1.1.7/vendor/laravel/framework/src/Illuminate/Pipeline/Pipeline.php(149): Illuminate\\Cookie\\Middleware\\AddQueuedCookiesToResponse->handle(Object(Illuminate\\Http\\Request), Object(Closure))
#27 /home/u826545622/domains/ksrdms.com/public_html/v-1.1.7/vendor/laravel/framework/src/Illuminate/Routing/Pipeline.php(53): Illuminate\\Pipeline\\Pipeline->Illuminate\\Pipeline\\{closure}(Object(Illuminate\\Http\\Request))
#28 /home/u826545622/domains/ksrdms.com/public_html/v-1.1.7/vendor/laravel/framework/src/Illuminate/Cookie/Middleware/EncryptCookies.php(68): Illuminate\\Routing\\Pipeline->Illuminate\\Routing\\{closure}(Object(Illuminate\\Http\\Request))
#29 /home/u826545622/domains/ksrdms.com/public_html/v-1.1.7/vendor/laravel/framework/src/Illuminate/Pipeline/Pipeline.php(149): Illuminate\\Cookie\\Middleware\\EncryptCookies->handle(Object(Illuminate\\Http\\Request), Object(Closure))
#30 /home/u826545622/domains/ksrdms.com/public_html/v-1.1.7/vendor/laravel/framework/src/Illuminate/Routing/Pipeline.php(53): Illuminate\\Pipeline\\Pipeline->Illuminate\\Pipeline\\{closure}(Object(Illuminate\\Http\\Request))
#31 /home/u826545622/domains/ksrdms.com/public_html/v-1.1.7/vendor/laravel/framework/src/Illuminate/Pipeline/Pipeline.php(102): Illuminate\\Routing\\Pipeline->Illuminate\\Routing\\{closure}(Object(Illuminate\\Http\\Request))
#32 /home/u826545622/domains/ksrdms.com/public_html/v-1.1.7/vendor/laravel/framework/src/Illuminate/Routing/Router.php(660): Illuminate\\Pipeline\\Pipeline->then(Object(Closure))
#33 /home/u826545622/domains/ksrdms.com/public_html/v-1.1.7/vendor/laravel/framework/src/Illuminate/Routing/Router.php(635): Illuminate\\Routing\\Router->runRouteWithinStack(Object(Illuminate\\Routing\\Route), Object(Illuminate\\Http\\Request))
#34 /home/u826545622/domains/ksrdms.com/public_html/v-1.1.7/vendor/laravel/framework/src/Illuminate/Routing/Router.php(601): Illuminate\\Routing\\Router->runRoute(Object(Illuminate\\Http\\Request), Object(Illuminate\\Routing\\Route))
#35 /home/u826545622/domains/ksrdms.com/public_html/v-1.1.7/vendor/laravel/framework/src/Illuminate/Routing/Router.php(590): Illuminate\\Routing\\Router->dispatchToRoute(Object(Illuminate\\Http\\Request))
#36 /home/u826545622/domains/ksrdms.com/public_html/v-1.1.7/vendor/laravel/framework/src/Illuminate/Foundation/Http/Kernel.php(176): Illuminate\\Routing\\Router->dispatch(Object(Illuminate\\Http\\Request))
#37 /home/u826545622/domains/ksrdms.com/public_html/v-1.1.7/vendor/laravel/framework/src/Illuminate/Routing/Pipeline.php(30): Illuminate\\Foundation\\Http\\Kernel->Illuminate\\Foundation\\Http\\{closure}(Object(Illuminate\\Http\\Request))
#38 /home/u826545622/domains/ksrdms.com/public_html/v-1.1.7/vendor/barryvdh/laravel-debugbar/src/Middleware/InjectDebugbar.php(58): Illuminate\\Routing\\Pipeline->Illuminate\\Routing\\{closure}(Object(Illuminate\\Http\\Request))
#39 /home/u826545622/domains/ksrdms.com/public_html/v-1.1.7/vendor/laravel/framework/src/Illuminate/Pipeline/Pipeline.php(149): Barryvdh\\Debugbar\\Middleware\\InjectDebugbar->handle(Object(Illuminate\\Http\\Request), Object(Closure))
#40 /home/u826545622/domains/ksrdms.com/public_html/v-1.1.7/vendor/laravel/framework/src/Illuminate/Routing/Pipeline.php(53): Illuminate\\Pipeline\\Pipeline->Illuminate\\Pipeline\\{closure}(Object(Illuminate\\Http\\Request))
#41 /home/u826545622/domains/ksrdms.com/public_html/v-1.1.7/vendor/fideloper/proxy/src/TrustProxies.php(56): Illuminate\\Routing\\Pipeline->Illuminate\\Routing\\{closure}(Object(Illuminate\\Http\\Request))
#42 /home/u826545622/domains/ksrdms.com/public_html/v-1.1.7/vendor/laravel/framework/src/Illuminate/Pipeline/Pipeline.php(149): Fideloper\\Proxy\\TrustProxies->handle(Object(Illuminate\\Http\\Request), Object(Closure))
#43 /home/u826545622/domains/ksrdms.com/public_html/v-1.1.7/vendor/laravel/framework/src/Illuminate/Routing/Pipeline.php(53): Illuminate\\Pipeline\\Pipeline->Illuminate\\Pipeline\\{closure}(Object(Illuminate\\Http\\Request))
#44 /home/u826545622/domains/ksrdms.com/public_html/v-1.1.7/vendor/laravel/framework/src/Illuminate/Foundation/Http/Middleware/TransformsRequest.php(30): Illuminate\\Routing\\Pipeline->Illuminate\\Routing\\{closure}(Object(Illuminate\\Http\\Request))
#45 /home/u826545622/domains/ksrdms.com/public_html/v-1.1.7/vendor/laravel/framework/src/Illuminate/Pipeline/Pipeline.php(149): Illuminate\\Foundation\\Http\\Middleware\\TransformsRequest->handle(Object(Illuminate\\Http\\Request), Object(Closure))
#46 /home/u826545622/domains/ksrdms.com/public_html/v-1.1.7/vendor/laravel/framework/src/Illuminate/Routing/Pipeline.php(53): Illuminate\\Pipeline\\Pipeline->Illuminate\\Pipeline\\{closure}(Object(Illuminate\\Http\\Request))
#47 /home/u826545622/domains/ksrdms.com/public_html/v-1.1.7/vendor/laravel/framework/src/Illuminate/Foundation/Http/Middleware/TransformsRequest.php(30): Illuminate\\Routing\\Pipeline->Illuminate\\Routing\\{closure}(Object(Illuminate\\Http\\Request))
#48 /home/u826545622/domains/ksrdms.com/public_html/v-1.1.7/vendor/laravel/framework/src/Illuminate/Pipeline/Pipeline.php(149): Illuminate\\Foundation\\Http\\Middleware\\TransformsRequest->handle(Object(Illuminate\\Http\\Request), Object(Closure))
#49 /home/u826545622/domains/ksrdms.com/public_html/v-1.1.7/vendor/laravel/framework/src/Illuminate/Routing/Pipeline.php(53): Illuminate\\Pipeline\\Pipeline->Illuminate\\Pipeline\\{closure}(Object(Illuminate\\Http\\Request))
#50 /home/u826545622/domains/ksrdms.com/public_html/v-1.1.7/vendor/laravel/framework/src/Illuminate/Foundation/Http/Middleware/ValidatePostSize.php(27): Illuminate\\Routing\\Pipeline->Illuminate\\Routing\\{closure}(Object(Illuminate\\Http\\Request))
#51 /home/u826545622/domains/ksrdms.com/public_html/v-1.1.7/vendor/laravel/framework/src/Illuminate/Pipeline/Pipeline.php(149): Illuminate\\Foundation\\Http\\Middleware\\ValidatePostSize->handle(Object(Illuminate\\Http\\Request), Object(Closure))
#52 /home/u826545622/domains/ksrdms.com/public_html/v-1.1.7/vendor/laravel/framework/src/Illuminate/Routing/Pipeline.php(53): Illuminate\\Pipeline\\Pipeline->Illuminate\\Pipeline\\{closure}(Object(Illuminate\\Http\\Request))
#53 /home/u826545622/domains/ksrdms.com/public_html/v-1.1.7/vendor/laravel/framework/src/Illuminate/Foundation/Http/Middleware/CheckForMaintenanceMode.php(46): Illuminate\\Routing\\Pipeline->Illuminate\\Routing\\{closure}(Object(Illuminate\\Http\\Request))
#54 /home/u826545622/domains/ksrdms.com/public_html/v-1.1.7/vendor/laravel/framework/src/Illuminate/Pipeline/Pipeline.php(149): Illuminate\\Foundation\\Http\\Middleware\\CheckForMaintenanceMode->handle(Object(Illuminate\\Http\\Request), Object(Closure))
#55 /home/u826545622/domains/ksrdms.com/public_html/v-1.1.7/vendor/laravel/framework/src/Illuminate/Routing/Pipeline.php(53): Illuminate\\Pipeline\\Pipeline->Illuminate\\Pipeline\\{closure}(Object(Illuminate\\Http\\Request))
#56 /home/u826545622/domains/ksrdms.com/public_html/v-1.1.7/vendor/laravel/framework/src/Illuminate/Pipeline/Pipeline.php(102): Illuminate\\Routing\\Pipeline->Illuminate\\Routing\\{closure}(Object(Illuminate\\Http\\Request))
#57 /home/u826545622/domains/ksrdms.com/public_html/v-1.1.7/vendor/laravel/framework/src/Illuminate/Foundation/Http/Kernel.php(151): Illuminate\\Pipeline\\Pipeline->then(Object(Closure))
#58 /home/u826545622/domains/ksrdms.com/public_html/v-1.1.7/vendor/laravel/framework/src/Illuminate/Foundation/Http/Kernel.php(116): Illuminate\\Foundation\\Http\\Kernel->sendRequestThroughRouter(Object(Illuminate\\Http\\Request))
#59 /home/u826545622/domains/ksrdms.com/public_html/index.php(55): Illuminate\\Foundation\\Http\\Kernel->handle(Object(Illuminate\\Http\\Request))
#60 {main}
"} 
[2026-01-02 15:06:42] local.ERROR: A non well formed numeric value encountered {"exception":"[object] (ErrorException(code: 0): A non well formed numeric value encountered at /home/u826545622/domains/ksrdms.com/public_html/v-1.1.7/app/dailyTransaction.php:38)
[stacktrace]
#0 /home/u826545622/domains/ksrdms.com/public_html/v-1.1.7/app/dailyTransaction.php(38): Illuminate\\Foundation\\Bootstrap\\HandleExceptions->handleError(8, 'A non well form...', '/home/u82654562...', 38, Array)
#1 /home/u826545622/domains/ksrdms.com/public_html/v-1.1.7/app/Http/Controllers/DailyTransactionController.php(408): App\\dailyTransaction->DailyTransactionSubmit(Object(Illuminate\\Http\\Request))
#2 [internal function]: App\\Http\\Controllers\\DailyTransactionController->create(Object(Illuminate\\Http\\Request))
#3 /home/u826545622/domains/ksrdms.com/public_html/v-1.1.7/vendor/laravel/framework/src/Illuminate/Routing/Controller.php(54): call_user_func_array(Array, Array)
#4 /home/u826545622/domains/ksrdms.com/public_html/v-1.1.7/vendor/laravel/framework/src/Illuminate/Routing/ControllerDispatcher.php(45): Illuminate\\Routing\\Controller->callAction('create', Array)
#5 /home/u826545622/domains/ksrdms.com/public_html/v-1.1.7/vendor/laravel/framework/src/Illuminate/Routing/Route.php(212): Illuminate\\Routing\\ControllerDispatcher->dispatch(Object(Illuminate\\Routing\\Route), Object(App\\Http\\Controllers\\DailyTransactionController), 'create')
#6 /home/u826545622/domains/ksrdms.com/public_html/v-1.1.7/vendor/laravel/framework/src/Illuminate/Routing/Route.php(169): Illuminate\\Routing\\Route->runController()
#7 /home/u826545622/domains/ksrdms.com/public_html/v-1.1.7/vendor/laravel/framework/src/Illuminate/Routing/Router.php(658): Illuminate\\Routing\\Route->run()
#8 /home/u826545622/domains/ksrdms.com/public_html/v-1.1.7/vendor/laravel/framework/src/Illuminate/Routing/Pipeline.php(30): Illuminate\\Routing\\Router->Illuminate\\Routing\\{closure}(Object(Illuminate\\Http\\Request))
#9 /home/u826545622/domains/ksrdms.com/public_html/v-1.1.7/app/Http/Middleware/Auth.php(43): Illuminate\\Routing\\Pipeline->Illuminate\\Routing\\{closure}(Object(Illuminate\\Http\\Request))
#10 /home/u826545622/domains/ksrdms.com/public_html/v-1.1.7/vendor/laravel/framework/src/Illuminate/Pipeline/Pipeline.php(149): App\\Http\\Middleware\\Auth->handle(Object(Illuminate\\Http\\Request), Object(Closure))
#11 /home/u826545622/domains/ksrdms.com/public_html/v-1.1.7/vendor/laravel/framework/src/Illuminate/Routing/Pipeline.php(53): Illuminate\\Pipeline\\Pipeline->Illuminate\\Pipeline\\{closure}(Object(Illuminate\\Http\\Request))
#12 /home/u826545622/domains/ksrdms.com/public_html/v-1.1.7/app/Http/Middleware/test.php(53): Illuminate\\Routing\\Pipeline->Illuminate\\Routing\\{closure}(Object(Illuminate\\Http\\Request))
#13 /home/u826545622/domains/ksrdms.com/public_html/v-1.1.7/vendor/laravel/framework/src/Illuminate/Pipeline/Pipeline.php(149): App\\Http\\Middleware\\test->handle(Object(Illuminate\\Http\\Request), Object(Closure))
#14 /home/u826545622/domains/ksrdms.com/public_html/v-1.1.7/vendor/laravel/framework/src/Illuminate/Routing/Pipeline.php(53): Illuminate\\Pipeline\\Pipeline->Illuminate\\Pipeline\\{closure}(Object(Illuminate\\Http\\Request))
#15 /home/u826545622/domains/ksrdms.com/public_html/v-1.1.7/vendor/laravel/framework/src/Illuminate/Routing/Middleware/SubstituteBindings.php(41): Illuminate\\Routing\\Pipeline->Illuminate\\Routing\\{closure}(Object(Illuminate\\Http\\Request))
#16 /home/u826545622/domains/ksrdms.com/public_html/v-1.1.7/vendor/laravel/framework/src/Illuminate/Pipeline/Pipeline.php(149): Illuminate\\Routing\\Middleware\\SubstituteBindings->handle(Object(Illuminate\\Http\\Request), Object(Closure))
#17 /home/u826545622/domains/ksrdms.com/public_html/v-1.1.7/vendor/laravel/framework/src/Illuminate/Routing/Pipeline.php(53): Illuminate\\Pipeline\\Pipeline->Illuminate\\Pipeline\\{closure}(Object(Illuminate\\Http\\Request))
#18 /home/u826545622/domains/ksrdms.com/public_html/v-1.1.7/vendor/laravel/framework/src/Illuminate/View/Middleware/ShareErrorsFromSession.php(49): Illuminate\\Routing\\Pipeline->Illuminate\\Routing\\{closure}(Object(Illuminate\\Http\\Request))
#19 /home/u826545622/domains/ksrdms.com/public_html/v-1.1.7/vendor/laravel/framework/src/Illuminate/Pipeline/Pipeline.php(149): Illuminate\\View\\Middleware\\ShareErrorsFromSession->handle(Object(Illuminate\\Http\\Request), Object(Closure))
#20 /home/u826545622/domains/ksrdms.com/public_html/v-1.1.7/vendor/laravel/framework/src/Illuminate/Routing/Pipeline.php(53): Illuminate\\Pipeline\\Pipeline->Illuminate\\Pipeline\\{closure}(Object(Illuminate\\Http\\Request))
#21 /home/u826545622/domains/ksrdms.com/public_html/v-1.1.7/vendor/laravel/framework/src/Illuminate/Session/Middleware/StartSession.php(63): Illuminate\\Routing\\Pipeline->Illuminate\\Routing\\{closure}(Object(Illuminate\\Http\\Request))
#22 /home/u826545622/domains/ksrdms.com/public_html/v-1.1.7/vendor/laravel/framework/src/Illuminate/Pipeline/Pipeline.php(149): Illuminate\\Session\\Middleware\\StartSession->handle(Object(Illuminate\\Http\\Request), Object(Closure))
#23 /home/u826545622/domains/ksrdms.com/public_html/v-1.1.7/vendor/laravel/framework/src/Illuminate/Routing/Pipeline.php(53): Illuminate\\Pipeline\\Pipeline->Illuminate\\Pipeline\\{closure}(Object(Illuminate\\Http\\Request))
#24 /home/u826545622/domains/ksrdms.com/public_html/v-1.1.7/vendor/laravel/framework/src/Illuminate/Cookie/Middleware/AddQueuedCookiesToResponse.php(37): Illuminate\\Routing\\Pipeline->Illuminate\\Routing\\{closure}(Object(Illuminate\\Http\\Request))
#25 /home/u826545622/domains/ksrdms.com/public_html/v-1.1.7/vendor/laravel/framework/src/Illuminate/Pipeline/Pipeline.php(149): Illuminate\\Cookie\\Middleware\\AddQueuedCookiesToResponse->handle(Object(Illuminate\\Http\\Request), Object(Closure))
#26 /home/u826545622/domains/ksrdms.com/public_html/v-1.1.7/vendor/laravel/framework/src/Illuminate/Routing/Pipeline.php(53): Illuminate\\Pipeline\\Pipeline->Illuminate\\Pipeline\\{closure}(Object(Illuminate\\Http\\Request))
#27 /home/u826545622/domains/ksrdms.com/public_html/v-1.1.7/vendor/laravel/framework/src/Illuminate/Cookie/Middleware/EncryptCookies.php(68): Illuminate\\Routing\\Pipeline->Illuminate\\Routing\\{closure}(Object(Illuminate\\Http\\Request))
#28 /home/u826545622/domains/ksrdms.com/public_html/v-1.1.7/vendor/laravel/framework/src/Illuminate/Pipeline/Pipeline.php(149): Illuminate\\Cookie\\Middleware\\EncryptCookies->handle(Object(Illuminate\\Http\\Request), Object(Closure))
#29 /home/u826545622/domains/ksrdms.com/public_html/v-1.1.7/vendor/laravel/framework/src/Illuminate/Routing/Pipeline.php(53): Illuminate\\Pipeline\\Pipeline->Illuminate\\Pipeline\\{closure}(Object(Illuminate\\Http\\Request))
#30 /home/u826545622/domains/ksrdms.com/public_html/v-1.1.7/vendor/laravel/framework/src/Illuminate/Pipeline/Pipeline.php(102): Illuminate\\Routing\\Pipeline->Illuminate\\Routing\\{closure}(Object(Illuminate\\Http\\Request))
#31 /home/u826545622/domains/ksrdms.com/public_html/v-1.1.7/vendor/laravel/framework/src/Illuminate/Routing/Router.php(660): Illuminate\\Pipeline\\Pipeline->then(Object(Closure))
#32 /home/u826545622/domains/ksrdms.com/public_html/v-1.1.7/vendor/laravel/framework/src/Illuminate/Routing/Router.php(635): Illuminate\\Routing\\Router->runRouteWithinStack(Object(Illuminate\\Routing\\Route), Object(Illuminate\\Http\\Request))
#33 /home/u826545622/domains/ksrdms.com/public_html/v-1.1.7/vendor/laravel/framework/src/Illuminate/Routing/Router.php(601): Illuminate\\Routing\\Router->runRoute(Object(Illuminate\\Http\\Request), Object(Illuminate\\Routing\\Route))
#34 /home/u826545622/domains/ksrdms.com/public_html/v-1.1.7/vendor/laravel/framework/src/Illuminate/Routing/Router.php(590): Illuminate\\Routing\\Router->dispatchToRoute(Object(Illuminate\\Http\\Request))
#35 /home/u826545622/domains/ksrdms.com/public_html/v-1.1.7/vendor/laravel/framework/src/Illuminate/Foundation/Http/Kernel.php(176): Illuminate\\Routing\\Router->dispatch(Object(Illuminate\\Http\\Request))
#36 /home/u826545622/domains/ksrdms.com/public_html/v-1.1.7/vendor/laravel/framework/src/Illuminate/Routing/Pipeline.php(30): Illuminate\\Foundation\\Http\\Kernel->Illuminate\\Foundation\\Http\\{closure}(Object(Illuminate\\Http\\Request))
#37 /home/u826545622/domains/ksrdms.com/public_html/v-1.1.7/vendor/barryvdh/laravel-debugbar/src/Middleware/InjectDebugbar.php(58): Illuminate\\Routing\\Pipeline->Illuminate\\Routing\\{closure}(Object(Illuminate\\Http\\Request))
#38 /home/u826545622/domains/ksrdms.com/public_html/v-1.1.7/vendor/laravel/framework/src/Illuminate/Pipeline/Pipeline.php(149): Barryvdh\\Debugbar\\Middleware\\InjectDebugbar->handle(Object(Illuminate\\Http\\Request), Object(Closure))
#39 /home/u826545622/domains/ksrdms.com/public_html/v-1.1.7/vendor/laravel/framework/src/Illuminate/Routing/Pipeline.php(53): Illuminate\\Pipeline\\Pipeline->Illuminate\\Pipeline\\{closure}(Object(Illuminate\\Http\\Request))
#40 /home/u826545622/domains/ksrdms.com/public_html/v-1.1.7/vendor/fideloper/proxy/src/TrustProxies.php(56): Illuminate\\Routing\\Pipeline->Illuminate\\Routing\\{closure}(Object(Illuminate\\Http\\Request))
#41 /home/u826545622/domains/ksrdms.com/public_html/v-1.1.7/vendor/laravel/framework/src/Illuminate/Pipeline/Pipeline.php(149): Fideloper\\Proxy\\TrustProxies->handle(Object(Illuminate\\Http\\Request), Object(Closure))
#42 /home/u826545622/domains/ksrdms.com/public_html/v-1.1.7/vendor/laravel/framework/src/Illuminate/Routing/Pipeline.php(53): Illuminate\\Pipeline\\Pipeline->Illuminate\\Pipeline\\{closure}(Object(Illuminate\\Http\\Request))
#43 /home/u826545622/domains/ksrdms.com/public_html/v-1.1.7/vendor/laravel/framework/src/Illuminate/Foundation/Http/Middleware/TransformsRequest.php(30): Illuminate\\Routing\\Pipeline->Illuminate\\Routing\\{closure}(Object(Illuminate\\Http\\Request))
#44 /home/u826545622/domains/ksrdms.com/public_html/v-1.1.7/vendor/laravel/framework/src/Illuminate/Pipeline/Pipeline.php(149): Illuminate\\Foundation\\Http\\Middleware\\TransformsRequest->handle(Object(Illuminate\\Http\\Request), Object(Closure))
#45 /home/u826545622/domains/ksrdms.com/public_html/v-1.1.7/vendor/laravel/framework/src/Illuminate/Routing/Pipeline.php(53): Illuminate\\Pipeline\\Pipeline->Illuminate\\Pipeline\\{closure}(Object(Illuminate\\Http\\Request))
#46 /home/u826545622/domains/ksrdms.com/public_html/v-1.1.7/vendor/laravel/framework/src/Illuminate/Foundation/Http/Middleware/TransformsRequest.php(30): Illuminate\\Routing\\Pipeline->Illuminate\\Routing\\{closure}(Object(Illuminate\\Http\\Request))
#47 /home/u826545622/domains/ksrdms.com/public_html/v-1.1.7/vendor/laravel/framework/src/Illuminate/Pipeline/Pipeline.php(149): Illuminate\\Foundation\\Http\\Middleware\\TransformsRequest->handle(Object(Illuminate\\Http\\Request), Object(Closure))
#48 /home/u826545622/domains/ksrdms.com/public_html/v-1.1.7/vendor/laravel/framework/src/Illuminate/Routing/Pipeline.php(53): Illuminate\\Pipeline\\Pipeline->Illuminate\\Pipeline\\{closure}(Object(Illuminate\\Http\\Request))
#49 /home/u826545622/domains/ksrdms.com/public_html/v-1.1.7/vendor/laravel/framework/src/Illuminate/Foundation/Http/Middleware/ValidatePostSize.php(27): Illuminate\\Routing\\Pipeline->Illuminate\\Routing\\{closure}(Object(Illuminate\\Http\\Request))
#50 /home/u826545622/domains/ksrdms.com/public_html/v-1.1.7/vendor/laravel/framework/src/Illuminate/Pipeline/Pipeline.php(149): Illuminate\\Foundation\\Http\\Middleware\\ValidatePostSize->handle(Object(Illuminate\\Http\\Request), Object(Closure))
#51 /home/u826545622/domains/ksrdms.com/public_html/v-1.1.7/vendor/laravel/framework/src/Illuminate/Routing/Pipeline.php(53): Illuminate\\Pipeline\\Pipeline->Illuminate\\Pipeline\\{closure}(Object(Illuminate\\Http\\Request))
#52 /home/u826545622/domains/ksrdms.com/public_html/v-1.1.7/vendor/laravel/framework/src/Illuminate/Foundation/Http/Middleware/CheckForMaintenanceMode.php(46): Illuminate\\Routing\\Pipeline->Illuminate\\Routing\\{closure}(Object(Illuminate\\Http\\Request))
#53 /home/u826545622/domains/ksrdms.com/public_html/v-1.1.7/vendor/laravel/framework/src/Illuminate/Pipeline/Pipeline.php(149): Illuminate\\Foundation\\Http\\Middleware\\CheckForMaintenanceMode->handle(Object(Illuminate\\Http\\Request), Object(Closure))
#54 /home/u826545622/domains/ksrdms.com/public_html/v-1.1.7/vendor/laravel/framework/src/Illuminate/Routing/Pipeline.php(53): Illuminate\\Pipeline\\Pipeline->Illuminate\\Pipeline\\{closure}(Object(Illuminate\\Http\\Request))
#55 /home/u826545622/domains/ksrdms.com/public_html/v-1.1.7/vendor/laravel/framework/src/Illuminate/Pipeline/Pipeline.php(102): Illuminate\\Routing\\Pipeline->Illuminate\\Routing\\{closure}(Object(Illuminate\\Http\\Request))
#56 /home/u826545622/domains/ksrdms.com/public_html/v-1.1.7/vendor/laravel/framework/src/Illuminate/Foundation/Http/Kernel.php(151): Illuminate\\Pipeline\\Pipeline->then(Object(Closure))
#57 /home/u826545622/domains/ksrdms.com/public_html/v-1.1.7/vendor/laravel/framework/src/Illuminate/Foundation/Http/Kernel.php(116): Illuminate\\Foundation\\Http\\Kernel->sendRequestThroughRouter(Object(Illuminate\\Http\\Request))
#58 /home/u826545622/domains/ksrdms.com/public_html/index.php(55): Illuminate\\Foundation\\Http\\Kernel->handle(Object(Illuminate\\Http\\Request))
#59 {main}
"} 
[2026-01-02 17:05:26] local.ERROR: SQLSTATE[22007]: Invalid datetime format: 1366 Incorrect double value: 'I]8' for column `u826545622_ksa_my_dms`.`advance`.`amount` at row 1 (SQL: insert into `advance` (`dairyId`, `ledgerId`, `partyCode`, `partyName`, `partyType`, `amount`, `date`, `remark`, `created_at`) values (294, 5709, 1, Vinod Swami, member, I]8, 2026-01-02, , 2026-01-02 17:05:26)) {"exception":"[object] (Illuminate\\Database\\QueryException(code: 22007): SQLSTATE[22007]: Invalid datetime format: 1366 Incorrect double value: 'I]8' for column `u826545622_ksa_my_dms`.`advance`.`amount` at row 1 (SQL: insert into `advance` (`dairyId`, `ledgerId`, `partyCode`, `partyName`, `partyType`, `amount`, `date`, `remark`, `created_at`) values (294, 5709, 1, Vinod Swami, member, I]8, 2026-01-02, , 2026-01-02 17:05:26)) at /home/u826545622/domains/ksrdms.com/public_html/v-1.1.7/vendor/laravel/framework/src/Illuminate/Database/Connection.php:664, PDOException(code: 22007): SQLSTATE[22007]: Invalid datetime format: 1366 Incorrect double value: 'I]8' for column `u826545622_ksa_my_dms`.`advance`.`amount` at row 1 at /home/u826545622/domains/ksrdms.com/public_html/v-1.1.7/vendor/laravel/framework/src/Illuminate/Database/Connection.php:458)
[stacktrace]
#0 /home/u826545622/domains/ksrdms.com/public_html/v-1.1.7/vendor/laravel/framework/src/Illuminate/Database/Connection.php(624): Illuminate\\Database\\Connection->runQueryCallback('insert into `ad...', Array, Object(Closure))
#1 /home/u826545622/domains/ksrdms.com/public_html/v-1.1.7/vendor/laravel/framework/src/Illuminate/Database/Connection.php(459): Illuminate\\Database\\Connection->run('insert into `ad...', Array, Object(Closure))
#2 /home/u826545622/domains/ksrdms.com/public_html/v-1.1.7/vendor/laravel/framework/src/Illuminate/Database/Connection.php(411): Illuminate\\Database\\Connection->statement('insert into `ad...', Array)
#3 /home/u826545622/domains/ksrdms.com/public_html/v-1.1.7/vendor/laravel/framework/src/Illuminate/Database/Query/Processors/Processor.php(32): Illuminate\\Database\\Connection->insert('insert into `ad...', Array)
#4 /home/u826545622/domains/ksrdms.com/public_html/v-1.1.7/vendor/laravel/framework/src/Illuminate/Database/Query/Builder.php(2159): Illuminate\\Database\\Query\\Processors\\Processor->processInsertGetId(Object(Illuminate\\Database\\Query\\Builder), 'insert into `ad...', Array, NULL)
#5 /home/u826545622/domains/ksrdms.com/public_html/v-1.1.7/app/AdvanceCredit.php(47): Illuminate\\Database\\Query\\Builder->insertGetId(Array)
#6 /home/u826545622/domains/ksrdms.com/public_html/v-1.1.7/app/Http/Controllers/AdvanceCreditController.php(103): App\\AdvanceCredit->addAdvance(Object(Illuminate\\Http\\Request))
#7 [internal function]: App\\Http\\Controllers\\AdvanceCreditController->advanceSubmit(Object(Illuminate\\Http\\Request))
#8 /home/u826545622/domains/ksrdms.com/public_html/v-1.1.7/vendor/laravel/framework/src/Illuminate/Routing/Controller.php(54): call_user_func_array(Array, Array)
#9 /home/u826545622/domains/ksrdms.com/public_html/v-1.1.7/vendor/laravel/framework/src/Illuminate/Routing/ControllerDispatcher.php(45): Illuminate\\Routing\\Controller->callAction('advanceSubmit', Array)
#10 /home/u826545622/domains/ksrdms.com/public_html/v-1.1.7/vendor/laravel/framework/src/Illuminate/Routing/Route.php(212): Illuminate\\Routing\\ControllerDispatcher->dispatch(Object(Illuminate\\Routing\\Route), Object(App\\Http\\Controllers\\AdvanceCreditController), 'advanceSubmit')
#11 /home/u826545622/domains/ksrdms.com/public_html/v-1.1.7/vendor/laravel/framework/src/Illuminate/Routing/Route.php(169): Illuminate\\Routing\\Route->runController()
#12 /home/u826545622/domains/ksrdms.com/public_html/v-1.1.7/vendor/laravel/framework/src/Illuminate/Routing/Router.php(658): Illuminate\\Routing\\Route->run()
#13 /home/u826545622/domains/ksrdms.com/public_html/v-1.1.7/vendor/laravel/framework/src/Illuminate/Routing/Pipeline.php(30): Illuminate\\Routing\\Router->Illuminate\\Routing\\{closure}(Object(Illuminate\\Http\\Request))
#14 /home/u826545622/domains/ksrdms.com/public_html/v-1.1.7/app/Http/Middleware/Auth.php(43): Illuminate\\Routing\\Pipeline->Illuminate\\Routing\\{closure}(Object(Illuminate\\Http\\Request))
#15 /home/u826545622/domains/ksrdms.com/public_html/v-1.1.7/vendor/laravel/framework/src/Illuminate/Pipeline/Pipeline.php(149): App\\Http\\Middleware\\Auth->handle(Object(Illuminate\\Http\\Request), Object(Closure))
#16 /home/u826545622/domains/ksrdms.com/public_html/v-1.1.7/vendor/laravel/framework/src/Illuminate/Routing/Pipeline.php(53): Illuminate\\Pipeline\\Pipeline->Illuminate\\Pipeline\\{closure}(Object(Illuminate\\Http\\Request))
#17 /home/u826545622/domains/ksrdms.com/public_html/v-1.1.7/vendor/laravel/framework/src/Illuminate/Routing/Middleware/SubstituteBindings.php(41): Illuminate\\Routing\\Pipeline->Illuminate\\Routing\\{closure}(Object(Illuminate\\Http\\Request))
#18 /home/u826545622/domains/ksrdms.com/public_html/v-1.1.7/vendor/laravel/framework/src/Illuminate/Pipeline/Pipeline.php(149): Illuminate\\Routing\\Middleware\\SubstituteBindings->handle(Object(Illuminate\\Http\\Request), Object(Closure))
#19 /home/u826545622/domains/ksrdms.com/public_html/v-1.1.7/vendor/laravel/framework/src/Illuminate/Routing/Pipeline.php(53): Illuminate\\Pipeline\\Pipeline->Illuminate\\Pipeline\\{closure}(Object(Illuminate\\Http\\Request))
#20 /home/u826545622/domains/ksrdms.com/public_html/v-1.1.7/vendor/laravel/framework/src/Illuminate/View/Middleware/ShareErrorsFromSession.php(49): Illuminate\\Routing\\Pipeline->Illuminate\\Routing\\{closure}(Object(Illuminate\\Http\\Request))
#21 /home/u826545622/domains/ksrdms.com/public_html/v-1.1.7/vendor/laravel/framework/src/Illuminate/Pipeline/Pipeline.php(149): Illuminate\\View\\Middleware\\ShareErrorsFromSession->handle(Object(Illuminate\\Http\\Request), Object(Closure))
#22 /home/u826545622/domains/ksrdms.com/public_html/v-1.1.7/vendor/laravel/framework/src/Illuminate/Routing/Pipeline.php(53): Illuminate\\Pipeline\\Pipeline->Illuminate\\Pipeline\\{closure}(Object(Illuminate\\Http\\Request))
#23 /home/u826545622/domains/ksrdms.com/public_html/v-1.1.7/vendor/laravel/framework/src/Illuminate/Session/Middleware/StartSession.php(63): Illuminate\\Routing\\Pipeline->Illuminate\\Routing\\{closure}(Object(Illuminate\\Http\\Request))
#24 /home/u826545622/domains/ksrdms.com/public_html/v-1.1.7/vendor/laravel/framework/src/Illuminate/Pipeline/Pipeline.php(149): Illuminate\\Session\\Middleware\\StartSession->handle(Object(Illuminate\\Http\\Request), Object(Closure))
#25 /home/u826545622/domains/ksrdms.com/public_html/v-1.1.7/vendor/laravel/framework/src/Illuminate/Routing/Pipeline.php(53): Illuminate\\Pipeline\\Pipeline->Illuminate\\Pipeline\\{closure}(Object(Illuminate\\Http\\Request))
#26 /home/u826545622/domains/ksrdms.com/public_html/v-1.1.7/vendor/laravel/framework/src/Illuminate/Cookie/Middleware/AddQueuedCookiesToResponse.php(37): Illuminate\\Routing\\Pipeline->Illuminate\\Routing\\{closure}(Object(Illuminate\\Http\\Request))
#27 /home/u826545622/domains/ksrdms.com/public_html/v-1.1.7/vendor/laravel/framework/src/Illuminate/Pipeline/Pipeline.php(149): Illuminate\\Cookie\\Middleware\\AddQueuedCookiesToResponse->handle(Object(Illuminate\\Http\\Request), Object(Closure))
#28 /home/u826545622/domains/ksrdms.com/public_html/v-1.1.7/vendor/laravel/framework/src/Illuminate/Routing/Pipeline.php(53): Illuminate\\Pipeline\\Pipeline->Illuminate\\Pipeline\\{closure}(Object(Illuminate\\Http\\Request))
#29 /home/u826545622/domains/ksrdms.com/public_html/v-1.1.7/vendor/laravel/framework/src/Illuminate/Cookie/Middleware/EncryptCookies.php(68): Illuminate\\Routing\\Pipeline->Illuminate\\Routing\\{closure}(Object(Illuminate\\Http\\Request))
#30 /home/u826545622/domains/ksrdms.com/public_html/v-1.1.7/vendor/laravel/framework/src/Illuminate/Pipeline/Pipeline.php(149): Illuminate\\Cookie\\Middleware\\EncryptCookies->handle(Object(Illuminate\\Http\\Request), Object(Closure))
#31 /home/u826545622/domains/ksrdms.com/public_html/v-1.1.7/vendor/laravel/framework/src/Illuminate/Routing/Pipeline.php(53): Illuminate\\Pipeline\\Pipeline->Illuminate\\Pipeline\\{closure}(Object(Illuminate\\Http\\Request))
#32 /home/u826545622/domains/ksrdms.com/public_html/v-1.1.7/vendor/laravel/framework/src/Illuminate/Pipeline/Pipeline.php(102): Illuminate\\Routing\\Pipeline->Illuminate\\Routing\\{closure}(Object(Illuminate\\Http\\Request))
#33 /home/u826545622/domains/ksrdms.com/public_html/v-1.1.7/vendor/laravel/framework/src/Illuminate/Routing/Router.php(660): Illuminate\\Pipeline\\Pipeline->then(Object(Closure))
#34 /home/u826545622/domains/ksrdms.com/public_html/v-1.1.7/vendor/laravel/framework/src/Illuminate/Routing/Router.php(635): Illuminate\\Routing\\Router->runRouteWithinStack(Object(Illuminate\\Routing\\Route), Object(Illuminate\\Http\\Request))
#35 /home/u826545622/domains/ksrdms.com/public_html/v-1.1.7/vendor/laravel/framework/src/Illuminate/Routing/Router.php(601): Illuminate\\Routing\\Router->runRoute(Object(Illuminate\\Http\\Request), Object(Illuminate\\Routing\\Route))
#36 /home/u826545622/domains/ksrdms.com/public_html/v-1.1.7/vendor/laravel/framework/src/Illuminate/Routing/Router.php(590): Illuminate\\Routing\\Router->dispatchToRoute(Object(Illuminate\\Http\\Request))
#37 /home/u826545622/domains/ksrdms.com/public_html/v-1.1.7/vendor/laravel/framework/src/Illuminate/Foundation/Http/Kernel.php(176): Illuminate\\Routing\\Router->dispatch(Object(Illuminate\\Http\\Request))
#38 /home/u826545622/domains/ksrdms.com/public_html/v-1.1.7/vendor/laravel/framework/src/Illuminate/Routing/Pipeline.php(30): Illuminate\\Foundation\\Http\\Kernel->Illuminate\\Foundation\\Http\\{closure}(Object(Illuminate\\Http\\Request))
#39 /home/u826545622/domains/ksrdms.com/public_html/v-1.1.7/vendor/barryvdh/laravel-debugbar/src/Middleware/InjectDebugbar.php(58): Illuminate\\Routing\\Pipeline->Illuminate\\Routing\\{closure}(Object(Illuminate\\Http\\Request))
#40 /home/u826545622/domains/ksrdms.com/public_html/v-1.1.7/vendor/laravel/framework/src/Illuminate/Pipeline/Pipeline.php(149): Barryvdh\\Debugbar\\Middleware\\InjectDebugbar->handle(Object(Illuminate\\Http\\Request), Object(Closure))
#41 /home/u826545622/domains/ksrdms.com/public_html/v-1.1.7/vendor/laravel/framework/src/Illuminate/Routing/Pipeline.php(53): Illuminate\\Pipeline\\Pipeline->Illuminate\\Pipeline\\{closure}(Object(Illuminate\\Http\\Request))
#42 /home/u826545622/domains/ksrdms.com/public_html/v-1.1.7/vendor/fideloper/proxy/src/TrustProxies.php(56): Illuminate\\Routing\\Pipeline->Illuminate\\Routing\\{closure}(Object(Illuminate\\Http\\Request))
#43 /home/u826545622/domains/ksrdms.com/public_html/v-1.1.7/vendor/laravel/framework/src/Illuminate/Pipeline/Pipeline.php(149): Fideloper\\Proxy\\TrustProxies->handle(Object(Illuminate\\Http\\Request), Object(Closure))
#44 /home/u826545622/domains/ksrdms.com/public_html/v-1.1.7/vendor/laravel/framework/src/Illuminate/Routing/Pipeline.php(53): Illuminate\\Pipeline\\Pipeline->Illuminate\\Pipeline\\{closure}(Object(Illuminate\\Http\\Request))
#45 /home/u826545622/domains/ksrdms.com/public_html/v-1.1.7/vendor/laravel/framework/src/Illuminate/Foundation/Http/Middleware/TransformsRequest.php(30): Illuminate\\Routing\\Pipeline->Illuminate\\Routing\\{closure}(Object(Illuminate\\Http\\Request))
#46 /home/u826545622/domains/ksrdms.com/public_html/v-1.1.7/vendor/laravel/framework/src/Illuminate/Pipeline/Pipeline.php(149): Illuminate\\Foundation\\Http\\Middleware\\TransformsRequest->handle(Object(Illuminate\\Http\\Request), Object(Closure))
#47 /home/u826545622/domains/ksrdms.com/public_html/v-1.1.7/vendor/laravel/framework/src/Illuminate/Routing/Pipeline.php(53): Illuminate\\Pipeline\\Pipeline->Illuminate\\Pipeline\\{closure}(Object(Illuminate\\Http\\Request))
#48 /home/u826545622/domains/ksrdms.com/public_html/v-1.1.7/vendor/laravel/framework/src/Illuminate/Foundation/Http/Middleware/TransformsRequest.php(30): Illuminate\\Routing\\Pipeline->Illuminate\\Routing\\{closure}(Object(Illuminate\\Http\\Request))
#49 /home/u826545622/domains/ksrdms.com/public_html/v-1.1.7/vendor/laravel/framework/src/Illuminate/Pipeline/Pipeline.php(149): Illuminate\\Foundation\\Http\\Middleware\\TransformsRequest->handle(Object(Illuminate\\Http\\Request), Object(Closure))
#50 /home/u826545622/domains/ksrdms.com/public_html/v-1.1.7/vendor/laravel/framework/src/Illuminate/Routing/Pipeline.php(53): Illuminate\\Pipeline\\Pipeline->Illuminate\\Pipeline\\{closure}(Object(Illuminate\\Http\\Request))
#51 /home/u826545622/domains/ksrdms.com/public_html/v-1.1.7/vendor/laravel/framework/src/Illuminate/Foundation/Http/Middleware/ValidatePostSize.php(27): Illuminate\\Routing\\Pipeline->Illuminate\\Routing\\{closure}(Object(Illuminate\\Http\\Request))
#52 /home/u826545622/domains/ksrdms.com/public_html/v-1.1.7/vendor/laravel/framework/src/Illuminate/Pipeline/Pipeline.php(149): Illuminate\\Foundation\\Http\\Middleware\\ValidatePostSize->handle(Object(Illuminate\\Http\\Request), Object(Closure))
#53 /home/u826545622/domains/ksrdms.com/public_html/v-1.1.7/vendor/laravel/framework/src/Illuminate/Routing/Pipeline.php(53): Illuminate\\Pipeline\\Pipeline->Illuminate\\Pipeline\\{closure}(Object(Illuminate\\Http\\Request))
#54 /home/u826545622/domains/ksrdms.com/public_html/v-1.1.7/vendor/laravel/framework/src/Illuminate/Foundation/Http/Middleware/CheckForMaintenanceMode.php(46): Illuminate\\Routing\\Pipeline->Illuminate\\Routing\\{closure}(Object(Illuminate\\Http\\Request))
#55 /home/u826545622/domains/ksrdms.com/public_html/v-1.1.7/vendor/laravel/framework/src/Illuminate/Pipeline/Pipeline.php(149): Illuminate\\Foundation\\Http\\Middleware\\CheckForMaintenanceMode->handle(Object(Illuminate\\Http\\Request), Object(Closure))
#56 /home/u826545622/domains/ksrdms.com/public_html/v-1.1.7/vendor/laravel/framework/src/Illuminate/Routing/Pipeline.php(53): Illuminate\\Pipeline\\Pipeline->Illuminate\\Pipeline\\{closure}(Object(Illuminate\\Http\\Request))
#57 /home/u826545622/domains/ksrdms.com/public_html/v-1.1.7/vendor/laravel/framework/src/Illuminate/Pipeline/Pipeline.php(102): Illuminate\\Routing\\Pipeline->Illuminate\\Routing\\{closure}(Object(Illuminate\\Http\\Request))
#58 /home/u826545622/domains/ksrdms.com/public_html/v-1.1.7/vendor/laravel/framework/src/Illuminate/Foundation/Http/Kernel.php(151): Illuminate\\Pipeline\\Pipeline->then(Object(Closure))
#59 /home/u826545622/domains/ksrdms.com/public_html/v-1.1.7/vendor/laravel/framework/src/Illuminate/Foundation/Http/Kernel.php(116): Illuminate\\Foundation\\Http\\Kernel->sendRequestThroughRouter(Object(Illuminate\\Http\\Request))
#60 /home/u826545622/domains/ksrdms.com/public_html/index.php(55): Illuminate\\Foundation\\Http\\Kernel->handle(Object(Illuminate\\Http\\Request))
#61 {main}
"} 
